0 info it worked if it ends with ok
1 verbose cli [ 'C:\\Program Files\\nodejs\\node.exe',
1 verbose cli   'C:\\Users\\Thinkpad-T450s\\Desktop\\SEM\\openiddict-samples-master\\openiddict-samples-master\\samples\\ImplicitFlow\\AureliaApp\\node_modules\\npm\\bin\\npm-cli.js',
1 verbose cli   'run',
1 verbose cli   'start:start' ]
2 info using npm@3.10.10
3 info using node@v6.9.5
4 verbose run-script [ 'prestart:start', 'start:start', 'poststart:start' ]
5 info lifecycle aurelia-openiddict@0.1.0~prestart:start: aurelia-openiddict@0.1.0
6 silly lifecycle aurelia-openiddict@0.1.0~prestart:start: no script for prestart:start, continuing
7 info lifecycle aurelia-openiddict@0.1.0~start:start: aurelia-openiddict@0.1.0
8 verbose lifecycle aurelia-openiddict@0.1.0~start:start: unsafe-perm in lifecycle true
9 verbose lifecycle aurelia-openiddict@0.1.0~start:start: PATH: C:\Users\Thinkpad-T450s\Desktop\SEM\openiddict-samples-master\openiddict-samples-master\samples\ImplicitFlow\AureliaApp\node_modules\npm\bin\node-gyp-bin;C:\Users\Thinkpad-T450s\Desktop\SEM\openiddict-samples-master\openiddict-samples-master\samples\ImplicitFlow\AureliaApp\node_modules\.bin;C:\Users\Thinkpad-T450s\AppData\Roaming\npm\node_modules\npm\bin\node-gyp-bin;C:\Users\Thinkpad-T450s\Desktop\SEM\openiddict-samples-master\openiddict-samples-master\samples\ImplicitFlow\AureliaApp\node_modules\.bin;C:\Program Files\nodejs;C:\ProgramData\Oracle\Java\javapath;C:\Program Files (x86)\PC Connectivity Solution\;C:\Windows\system32;C:\Windows;C:\Windows\System32\Wbem;C:\Windows\System32\WindowsPowerShell\v1.0\;C:\Program Files (x86)\Windows Kits\8.1\Windows Performance Toolkit\;C:\Program Files\Microsoft SQL Server\120\Tools\Binn\;C:\Program Files\Microsoft SQL Server\Client SDK\ODBC\110\Tools\Binn\;C:\Program Files (x86)\Microsoft SQL Server\120\Tools\Binn\;C:\Program Files\Microsoft SQL Server\120\DTS\Binn\;C:\Program Files (x86)\Microsoft SQL Server\120\Tools\Binn\ManagementStudio\;C:\Program Files (x86)\Microsoft SQL Server\120\DTS\Binn\;C:\Program Files\Microsoft SQL Server\130\Tools\Binn\;C:\Program Files\Git\cmd;C:\WINDOWS\system32;C:\WINDOWS;C:\WINDOWS\System32\Wbem;C:\WINDOWS\System32\WindowsPowerShell\v1.0\;C:\Program Files\Microsoft\Web Platform Installer\;C:\Program Files\MiKTeX 2.9\miktex\bin\x64\;C:\Program Files\Intel\WiFi\bin\;C:\Program Files\Common Files\Intel\WirelessCommon\;C:\Program Files\nodejs\;C:\Program Files\dotnet\;C:\Program Files (x86)\Skype\Phone\;C:\Users\Thinkpad-T450s\.dnx\runtimes\dnx-clr-win-x86.1.0.0-rc1-update2\bin;C:\Users\Thinkpad-T450s\.dnx\bin;C:\Program Files (x86)\Microsoft VS Code\bin;C:\Program Files\Intel\WiFi\bin\;C:\Program Files\Common Files\Intel\WirelessCommon\;C:\Users\Thinkpad-T450s\AppData\Local\Microsoft\WindowsApps;C:\Users\Thinkpad-T450s\AppData\Roaming\npm
10 verbose lifecycle aurelia-openiddict@0.1.0~start:start: CWD: C:\Users\Thinkpad-T450s\Desktop\SEM\openiddict-samples-master\openiddict-samples-master\samples\ImplicitFlow\AureliaApp
11 silly lifecycle aurelia-openiddict@0.1.0~start:start: Args: [ '/d /s /c', 'au run' ]
12 verbose stack Error: kill ENOSYS
12 verbose stack     at exports._errnoException (util.js:1022:11)
12 verbose stack     at process.kill (internal/process.js:172:13)
12 verbose stack     at process.listener (C:\Users\Thinkpad-T450s\Desktop\SEM\openiddict-samples-master\openiddict-samples-master\samples\ImplicitFlow\AureliaApp\node_modules\npm\node_modules\npmlog\node_modules\gauge\node_modules\signal-exit\index.js:86:15)
12 verbose stack     at emitNone (events.js:91:20)
12 verbose stack     at process.emit (events.js:185:7)
12 verbose stack     at processEmit (C:\Users\Thinkpad-T450s\Desktop\SEM\openiddict-samples-master\openiddict-samples-master\samples\ImplicitFlow\AureliaApp\node_modules\npm\node_modules\npmlog\node_modules\gauge\node_modules\signal-exit\index.js:146:32)
12 verbose stack     at processEmit (C:\Users\Thinkpad-T450s\Desktop\SEM\openiddict-samples-master\openiddict-samples-master\samples\ImplicitFlow\AureliaApp\node_modules\npm\node_modules\npm-registry-client\node_modules\npmlog\node_modules\gauge\node_modules\signal-exit\index.js:146:32)
12 verbose stack     at Signal.wrap.onsignal (internal/process.js:199:44)
13 verbose cwd C:\Users\Thinkpad-T450s\Desktop\SEM\openiddict-samples-master\openiddict-samples-master\samples\ImplicitFlow\AureliaApp
14 error Windows_NT 10.0.14393
15 error argv "C:\\Program Files\\nodejs\\node.exe" "C:\\Users\\Thinkpad-T450s\\Desktop\\SEM\\openiddict-samples-master\\openiddict-samples-master\\samples\\ImplicitFlow\\AureliaApp\\node_modules\\npm\\bin\\npm-cli.js" "run" "start:start"
16 error node v6.9.5
17 error npm  v3.10.10
18 error code ENOSYS
19 error errno ENOSYS
20 error syscall kill
21 error kill ENOSYS
22 error If you need help, you may report this error at:
22 error     <https://github.com/npm/npm/issues>
23 verbose exit [ 1, true ]
